2026-01-08 22:56:15,835 - INFO - 
================================================================================
2026-01-08 22:56:15,835 - INFO - NEW TRAINING RUN - 2026-01-08 22:56:15
2026-01-08 22:56:15,835 - INFO - Log file: ../log\dann_GOODHIV_Scaffold_Covariate.log
2026-01-08 22:56:15,835 - INFO - ================================================================================

2026-01-08 22:56:15,835 - INFO - 
================================================================================
2026-01-08 22:56:15,835 - INFO - Training DANN on GOODHIV_Scaffold_Covariate
2026-01-08 22:56:15,835 - INFO - ================================================================================

2026-01-08 22:56:15,835 - INFO - Loading dataset...
2026-01-08 22:56:26,208 - INFO - Creating DANN model...
2026-01-08 22:56:26,278 - INFO - Model parameters: hidden_dim=128, num_layers=3, gnn_type=gin
2026-01-08 22:56:26,516 - INFO - Starting training, model will be saved to: dann_checkpoints\dann_goodhiv_scaffold_covariate.pt
2026-01-08 22:56:26,516 - INFO - 
================================================================================
2026-01-08 22:56:26,517 - INFO - Starting DANN Training
2026-01-08 22:56:26,517 - INFO - ================================================================================
2026-01-08 22:56:26,518 - INFO - Number of epochs: 3
2026-01-08 22:56:26,518 - INFO - Domain weight: 1.0
2026-01-08 22:56:26,519 - INFO - Early stopping patience: 20
2026-01-08 22:56:26,519 - INFO - ================================================================================

2026-01-08 22:56:40,281 - INFO - 
Epoch 1/3
2026-01-08 22:56:40,281 - INFO -   Train Loss: 0.1773 (Class: 0.1773, Domain: 0.0000)
2026-01-08 22:56:40,281 - INFO -   Val AUC: 0.7140 | Val Acc: 0.9694
2026-01-08 22:56:40,281 - INFO -   Lambda (alpha): 0.0000
2026-01-08 22:56:40,304 - INFO -   >>> Best model saved with Val AUC: 0.7140
2026-01-08 22:56:52,804 - INFO - 
Epoch 2/3
2026-01-08 22:56:52,804 - INFO -   Train Loss: 0.1559 (Class: 0.1559, Domain: 0.0000)
2026-01-08 22:56:52,804 - INFO -   Val AUC: 0.7280 | Val Acc: 0.9694
2026-01-08 22:56:52,804 - INFO -   Lambda (alpha): 0.9311
2026-01-08 22:56:52,835 - INFO -   >>> Best model saved with Val AUC: 0.7280
2026-01-08 22:57:05,245 - INFO - 
Epoch 3/3
2026-01-08 22:57:05,246 - INFO -   Train Loss: 0.1537 (Class: 0.1537, Domain: 0.0000)
2026-01-08 22:57:05,246 - INFO -   Val AUC: 0.7295 | Val Acc: 0.9696
2026-01-08 22:57:05,246 - INFO -   Lambda (alpha): 0.9975
2026-01-08 22:57:05,268 - INFO -   >>> Best model saved with Val AUC: 0.7295
2026-01-08 22:57:05,269 - INFO - 
================================================================================
2026-01-08 22:57:05,269 - INFO - Loading best model for final testing...
2026-01-08 22:57:06,165 - INFO - 
================================================================================
2026-01-08 22:57:06,165 - INFO - Training completed in 0.66 minutes
2026-01-08 22:57:06,165 - INFO - ================================================================================
2026-01-08 22:57:06,166 - INFO - Best Validation AUC: 0.7295
2026-01-08 22:57:06,166 - INFO - Final Test AUC: 0.6078
2026-01-08 22:57:06,166 - INFO - Final Test Accuracy: 0.9803
2026-01-08 22:57:06,166 - INFO - ================================================================================

2026-01-08 22:57:15,981 - INFO - 
================================================================================
2026-01-08 22:57:15,981 - INFO - NEW TRAINING RUN - 2026-01-08 22:57:15
2026-01-08 22:57:15,981 - INFO - Log file: ../log\dann_GOODHIV_Scaffold_Covariate.log
2026-01-08 22:57:15,981 - INFO - ================================================================================

2026-01-08 22:57:15,981 - INFO - 
================================================================================
2026-01-08 22:57:15,981 - INFO - Training DANN on GOODHIV_Scaffold_Covariate
2026-01-08 22:57:15,981 - INFO - ================================================================================

2026-01-08 22:57:15,981 - INFO - Loading dataset...
2026-01-08 22:57:24,836 - INFO - Creating DANN model...
2026-01-08 22:57:24,898 - INFO - Model parameters: hidden_dim=128, num_layers=3, gnn_type=gin
2026-01-08 22:57:25,216 - INFO - Starting training, model will be saved to: dann_checkpoints\dann_goodhiv_scaffold_covariate.pt
2026-01-08 22:57:25,216 - INFO - 
================================================================================
2026-01-08 22:57:25,216 - INFO - Starting DANN Training
2026-01-08 22:57:25,216 - INFO - ================================================================================
2026-01-08 22:57:25,216 - INFO - Number of epochs: 3
2026-01-08 22:57:25,216 - INFO - Domain weight: 1.0
2026-01-08 22:57:25,216 - INFO - Early stopping patience: 20
2026-01-08 22:57:25,216 - INFO - ================================================================================

2026-01-08 22:57:38,182 - INFO - 
Epoch 1/3
2026-01-08 22:57:38,183 - INFO -   Train Loss: 0.1776 (Class: 0.1776, Domain: 0.0000)
2026-01-08 22:57:38,183 - INFO -   Val AUC: 0.6910 | Val Acc: 0.9694
2026-01-08 22:57:38,183 - INFO -   Lambda (alpha): 0.0000
2026-01-08 22:57:38,242 - INFO -   >>> Best model saved with Val AUC: 0.6910
2026-01-08 22:57:50,485 - INFO - 
Epoch 2/3
2026-01-08 22:57:50,485 - INFO -   Train Loss: 0.1564 (Class: 0.1564, Domain: 0.0000)
2026-01-08 22:57:50,485 - INFO -   Val AUC: 0.7125 | Val Acc: 0.9694
2026-01-08 22:57:50,486 - INFO -   Lambda (alpha): 0.9311
2026-01-08 22:57:50,506 - INFO -   >>> Best model saved with Val AUC: 0.7125
2026-01-08 22:58:02,719 - INFO - 
Epoch 3/3
2026-01-08 22:58:02,719 - INFO -   Train Loss: 0.1516 (Class: 0.1516, Domain: 0.0000)
2026-01-08 22:58:02,719 - INFO -   Val AUC: 0.6807 | Val Acc: 0.9694
2026-01-08 22:58:02,720 - INFO -   Lambda (alpha): 0.9975
2026-01-08 22:58:02,720 - INFO - 
================================================================================
2026-01-08 22:58:02,720 - INFO - Loading best model for final testing...
2026-01-08 22:58:03,562 - INFO - 
================================================================================
2026-01-08 22:58:03,562 - INFO - Training completed in 0.64 minutes
2026-01-08 22:58:03,563 - INFO - ================================================================================
2026-01-08 22:58:03,563 - INFO - Best Validation AUC: 0.7125
2026-01-08 22:58:03,563 - INFO - Final Test AUC: 0.5554
2026-01-08 22:58:03,563 - INFO - Final Test Accuracy: 0.9803
2026-01-08 22:58:03,563 - INFO - ================================================================================

2026-01-08 22:58:13,643 - INFO - 
================================================================================
2026-01-08 22:58:13,643 - INFO - NEW TRAINING RUN - 2026-01-08 22:58:13
2026-01-08 22:58:13,643 - INFO - Log file: ../log\dann_GOODHIV_Scaffold_Covariate.log
2026-01-08 22:58:13,643 - INFO - ================================================================================

2026-01-08 22:58:13,643 - INFO - 
================================================================================
2026-01-08 22:58:13,643 - INFO - Training DANN on GOODHIV_Scaffold_Covariate
2026-01-08 22:58:13,643 - INFO - ================================================================================

2026-01-08 22:58:13,643 - INFO - Loading dataset...
2026-01-08 22:58:22,064 - INFO - Creating DANN model...
2026-01-08 22:58:22,132 - INFO - Model parameters: hidden_dim=128, num_layers=3, gnn_type=gin
2026-01-08 22:58:22,413 - INFO - Starting training, model will be saved to: dann_checkpoints\dann_goodhiv_scaffold_covariate.pt
2026-01-08 22:58:22,413 - INFO - 
================================================================================
2026-01-08 22:58:22,413 - INFO - Starting DANN Training
2026-01-08 22:58:22,413 - INFO - ================================================================================
2026-01-08 22:58:22,413 - INFO - Number of epochs: 3
2026-01-08 22:58:22,413 - INFO - Domain weight: 1.0
2026-01-08 22:58:22,413 - INFO - Early stopping patience: 20
2026-01-08 22:58:22,413 - INFO - ================================================================================

2026-01-08 22:58:36,232 - INFO - 
Epoch 1/3
2026-01-08 22:58:36,233 - INFO -   Train Loss: 0.1779 (Class: 0.1779, Domain: 0.0000)
2026-01-08 22:58:36,233 - INFO -   Val AUC: 0.6678 | Val Acc: 0.9694
2026-01-08 22:58:36,233 - INFO -   Lambda (alpha): 0.0000
2026-01-08 22:58:36,261 - INFO -   >>> Best model saved with Val AUC: 0.6678
2026-01-08 22:58:49,233 - INFO - 
Epoch 2/3
2026-01-08 22:58:49,233 - INFO -   Train Loss: 0.1579 (Class: 0.1579, Domain: 0.0000)
2026-01-08 22:58:49,233 - INFO -   Val AUC: 0.6828 | Val Acc: 0.9694
2026-01-08 22:58:49,239 - INFO -   Lambda (alpha): 0.9311
2026-01-08 22:58:49,270 - INFO -   >>> Best model saved with Val AUC: 0.6828
2026-01-08 22:59:02,735 - INFO - 
Epoch 3/3
2026-01-08 22:59:02,735 - INFO -   Train Loss: 0.1521 (Class: 0.1521, Domain: 0.0000)
2026-01-08 22:59:02,735 - INFO -   Val AUC: 0.6979 | Val Acc: 0.9694
2026-01-08 22:59:02,735 - INFO -   Lambda (alpha): 0.9975
2026-01-08 22:59:02,772 - INFO -   >>> Best model saved with Val AUC: 0.6979
2026-01-08 22:59:02,773 - INFO - 
================================================================================
2026-01-08 22:59:02,773 - INFO - Loading best model for final testing...
2026-01-08 22:59:03,781 - INFO - 
================================================================================
2026-01-08 22:59:03,781 - INFO - Training completed in 0.69 minutes
2026-01-08 22:59:03,781 - INFO - ================================================================================
2026-01-08 22:59:03,781 - INFO - Best Validation AUC: 0.6979
2026-01-08 22:59:03,781 - INFO - Final Test AUC: 0.6376
2026-01-08 22:59:03,783 - INFO - Final Test Accuracy: 0.9803
2026-01-08 22:59:03,783 - INFO - ================================================================================

2026-01-08 22:59:14,480 - INFO - 
================================================================================
2026-01-08 22:59:14,480 - INFO - NEW TRAINING RUN - 2026-01-08 22:59:14
2026-01-08 22:59:14,480 - INFO - Log file: ../log\dann_GOODHIV_Scaffold_Covariate.log
2026-01-08 22:59:14,480 - INFO - ================================================================================

2026-01-08 22:59:14,480 - INFO - 
================================================================================
2026-01-08 22:59:14,481 - INFO - Training DANN on GOODHIV_Scaffold_Covariate
2026-01-08 22:59:14,481 - INFO - ================================================================================

2026-01-08 22:59:14,481 - INFO - Loading dataset...
2026-01-08 22:59:23,266 - INFO - Creating DANN model...
2026-01-08 22:59:23,334 - INFO - Model parameters: hidden_dim=128, num_layers=3, gnn_type=gin
2026-01-08 22:59:23,632 - INFO - Starting training, model will be saved to: dann_checkpoints\dann_goodhiv_scaffold_covariate.pt
2026-01-08 22:59:23,633 - INFO - 
================================================================================
2026-01-08 22:59:23,633 - INFO - Starting DANN Training
2026-01-08 22:59:23,633 - INFO - ================================================================================
2026-01-08 22:59:23,633 - INFO - Number of epochs: 3
2026-01-08 22:59:23,633 - INFO - Domain weight: 1.0
2026-01-08 22:59:23,633 - INFO - Early stopping patience: 20
2026-01-08 22:59:23,633 - INFO - ================================================================================

2026-01-08 22:59:37,489 - INFO - 
Epoch 1/3
2026-01-08 22:59:37,491 - INFO -   Train Loss: 0.1780 (Class: 0.1780, Domain: 0.0000)
2026-01-08 22:59:37,491 - INFO -   Val AUC: 0.6794 | Val Acc: 0.9694
2026-01-08 22:59:37,491 - INFO -   Lambda (alpha): 0.0000
2026-01-08 22:59:37,522 - INFO -   >>> Best model saved with Val AUC: 0.6794
2026-01-08 22:59:51,246 - INFO - 
Epoch 2/3
2026-01-08 22:59:51,246 - INFO -   Train Loss: 0.1570 (Class: 0.1570, Domain: 0.0000)
2026-01-08 22:59:51,246 - INFO -   Val AUC: 0.7173 | Val Acc: 0.9694
2026-01-08 22:59:51,247 - INFO -   Lambda (alpha): 0.9311
2026-01-08 22:59:51,267 - INFO -   >>> Best model saved with Val AUC: 0.7173
2026-01-08 23:00:04,661 - INFO - 
Epoch 3/3
2026-01-08 23:00:04,662 - INFO -   Train Loss: 0.1519 (Class: 0.1519, Domain: 0.0000)
2026-01-08 23:00:04,662 - INFO -   Val AUC: 0.7024 | Val Acc: 0.9694
2026-01-08 23:00:04,662 - INFO -   Lambda (alpha): 0.9975
2026-01-08 23:00:04,662 - INFO - 
================================================================================
2026-01-08 23:00:04,662 - INFO - Loading best model for final testing...
2026-01-08 23:00:05,636 - INFO - 
================================================================================
2026-01-08 23:00:05,637 - INFO - Training completed in 0.70 minutes
2026-01-08 23:00:05,637 - INFO - ================================================================================
2026-01-08 23:00:05,637 - INFO - Best Validation AUC: 0.7173
2026-01-08 23:00:05,638 - INFO - Final Test AUC: 0.5621
2026-01-08 23:00:05,638 - INFO - Final Test Accuracy: 0.9803
2026-01-08 23:00:05,638 - INFO - ================================================================================

2026-01-08 23:00:15,858 - INFO - 
================================================================================
2026-01-08 23:00:15,858 - INFO - NEW TRAINING RUN - 2026-01-08 23:00:15
2026-01-08 23:00:15,858 - INFO - Log file: ../log\dann_GOODHIV_Scaffold_Covariate.log
2026-01-08 23:00:15,858 - INFO - ================================================================================

2026-01-08 23:00:15,860 - INFO - 
================================================================================
2026-01-08 23:00:15,860 - INFO - Training DANN on GOODHIV_Scaffold_Covariate
2026-01-08 23:00:15,860 - INFO - ================================================================================

2026-01-08 23:00:15,860 - INFO - Loading dataset...
2026-01-08 23:00:24,354 - INFO - Creating DANN model...
2026-01-08 23:00:24,418 - INFO - Model parameters: hidden_dim=128, num_layers=3, gnn_type=gin
2026-01-08 23:00:24,710 - INFO - Starting training, model will be saved to: dann_checkpoints\dann_goodhiv_scaffold_covariate.pt
2026-01-08 23:00:24,715 - INFO - 
================================================================================
2026-01-08 23:00:24,715 - INFO - Starting DANN Training
2026-01-08 23:00:24,715 - INFO - ================================================================================
2026-01-08 23:00:24,715 - INFO - Number of epochs: 3
2026-01-08 23:00:24,715 - INFO - Domain weight: 1.0
2026-01-08 23:00:24,715 - INFO - Early stopping patience: 20
2026-01-08 23:00:24,715 - INFO - ================================================================================

2026-01-08 23:00:37,447 - INFO - 
Epoch 1/3
2026-01-08 23:00:37,447 - INFO -   Train Loss: 0.1777 (Class: 0.1777, Domain: 0.0000)
2026-01-08 23:00:37,448 - INFO -   Val AUC: 0.6860 | Val Acc: 0.9694
2026-01-08 23:00:37,448 - INFO -   Lambda (alpha): 0.0000
2026-01-08 23:00:37,471 - INFO -   >>> Best model saved with Val AUC: 0.6860
2026-01-08 23:00:49,955 - INFO - 
Epoch 2/3
2026-01-08 23:00:49,955 - INFO -   Train Loss: 0.1554 (Class: 0.1554, Domain: 0.0000)
2026-01-08 23:00:49,955 - INFO -   Val AUC: 0.7075 | Val Acc: 0.9694
2026-01-08 23:00:49,955 - INFO -   Lambda (alpha): 0.9311
2026-01-08 23:00:50,018 - INFO -   >>> Best model saved with Val AUC: 0.7075
2026-01-08 23:01:02,543 - INFO - 
Epoch 3/3
2026-01-08 23:01:02,543 - INFO -   Train Loss: 0.1521 (Class: 0.1521, Domain: 0.0000)
2026-01-08 23:01:02,543 - INFO -   Val AUC: 0.6182 | Val Acc: 0.9694
2026-01-08 23:01:02,543 - INFO -   Lambda (alpha): 0.9975
2026-01-08 23:01:02,544 - INFO - 
================================================================================
2026-01-08 23:01:02,544 - INFO - Loading best model for final testing...
2026-01-08 23:01:03,429 - INFO - 
================================================================================
2026-01-08 23:01:03,429 - INFO - Training completed in 0.65 minutes
2026-01-08 23:01:03,429 - INFO - ================================================================================
2026-01-08 23:01:03,429 - INFO - Best Validation AUC: 0.7075
2026-01-08 23:01:03,429 - INFO - Final Test AUC: 0.5476
2026-01-08 23:01:03,430 - INFO - Final Test Accuracy: 0.9803
2026-01-08 23:01:03,430 - INFO - ================================================================================

